[01m[K/home/yx/code/ros2study/2/src/ntf/src/ntf.cpp:[m[K In function â€˜[01m[Kint main(int, char**)[m[Kâ€™:
[01m[K/home/yx/code/ros2study/2/src/ntf/src/ntf.cpp:59:9:[m[K [01;31m[Kerror: [m[Kexpected â€˜[01m[K;[m[Kâ€™ before â€˜[01m[K}[m[Kâ€™ token
         [01;31m[K}[m[K
         [01;31m[K^[m[K
make[2]: *** [CMakeFiles/ntf.dir/src/ntf.cpp.o] Error 1
make[1]: *** [CMakeFiles/ntf.dir/all] Error 2
make: *** [all] Error 2
