[35m[1mScanning dependencies of target ntf[0m
[ 50%] [32mBuilding CXX object CMakeFiles/ntf.dir/src/ntf.cpp.o[0m
[01m[K/home/yx/code/ros2study/2/src/ntf/src/ntf.cpp:[m[K In function â€˜[01m[Kint main(int, char**)[m[Kâ€™:
[01m[K/home/yx/code/ros2study/2/src/ntf/src/ntf.cpp:59:9:[m[K [01;31m[Kerror: [m[Kexpected â€˜[01m[K;[m[Kâ€™ before â€˜[01m[K}[m[Kâ€™ token
         [01;31m[K}[m[K
         [01;31m[K^[m[K
CMakeFiles/ntf.dir/build.make:62: recipe for target 'CMakeFiles/ntf.dir/src/ntf.cpp.o' failed
make[2]: *** [CMakeFiles/ntf.dir/src/ntf.cpp.o] Error 1
CMakeFiles/Makefile2:67: recipe for target 'CMakeFiles/ntf.dir/all' failed
Makefile:140: recipe for target 'all' failed
make[1]: *** [CMakeFiles/ntf.dir/all] Error 2
make: *** [all] Error 2
