[01m[K/home/yx/code/ros2study/2/src/ntf/src/ntf.cpp:1:10:[m[K [01;31m[Kfatal error: [m[Krclcpp/rclcpp.hpp: No such file or directory
 #include [01;31m[K<rclcpp/rclcpp.hpp>[m[K
          [01;31m[K^~~~~~~~~~~~~~~~~~~[m[K
compilation terminated.
make[2]: *** [CMakeFiles/ntf_node.dir/src/ntf.cpp.o] Error 1
make[1]: *** [CMakeFiles/ntf_node.dir/all] Error 2
make: *** [all] Error 2
