[0.019s] Invoking command in '/home/yx/code/ros2study/2/src/ntf/build/ntf': CMAKE_PREFIX_PATH=/opt/ros/dashing /usr/bin/cmake /home/yx/code/ros2study/2/src/ntf -DCMAKE_INSTALL_PREFIX=/home/yx/code/ros2study/2/src/ntf/install/ntf
[0.134s] -- The C compiler identification is GNU 7.5.0
[0.172s] -- The CXX compiler identification is GNU 7.5.0
[0.178s] -- Check for working C compiler: /usr/bin/cc
[0.230s] -- Check for working C compiler: /usr/bin/cc -- works
[0.231s] -- Detecting C compiler ABI info
[0.280s] -- Detecting C compiler ABI info - done
[0.283s] -- Detecting C compile features
[0.432s] -- Detecting C compile features - done
[0.434s] -- Check for working CXX compiler: /usr/bin/c++
[0.489s] -- Check for working CXX compiler: /usr/bin/c++ -- works
[0.489s] -- Detecting CXX compiler ABI info
[0.545s] -- Detecting CXX compiler ABI info - done
[0.548s] -- Detecting CXX compile features
[0.777s] -- Detecting CXX compile features - done
[0.778s] -- Found ament_cmake: 0.7.6 (/opt/ros/dashing/share/ament_cmake/cmake)
[0.796s] -- Found PythonInterp: /usr/bin/python3 (found suitable version "3.6.9", minimum required is "3") 
[0.796s] -- Using PYTHON_EXECUTABLE: /usr/bin/python3
[0.917s] -- Found geometry_msgs: 0.7.1 (/opt/ros/dashing/share/geometry_msgs/cmake)
[0.926s] -- Found rosidl_adapter: 0.7.10 (/opt/ros/dashing/share/rosidl_adapter/cmake)
[0.952s] -- Found turtlesim: 1.0.3 (/opt/ros/dashing/share/turtlesim/cmake)
[0.962s] -- Found rclcpp: 0.7.16 (/opt/ros/dashing/share/rclcpp/cmake)
[0.969s] -- Found rmw_implementation_cmake: 0.7.2 (/opt/ros/dashing/share/rmw_implementation_cmake/cmake)
[0.970s] -- Using RMW implementation 'rmw_fastrtps_cpp' as default
[0.972s] -- Looking for pthread.h
[1.025s] -- Looking for pthread.h - found
[1.025s] -- Looking for pthread_create
[1.076s] -- Looking for pthread_create - not found
[1.076s] -- Looking for pthread_create in pthreads
[1.119s] -- Looking for pthread_create in pthreads - not found
[1.119s] -- Looking for pthread_create in pthread
[1.167s] -- Looking for pthread_create in pthread - found
[1.167s] -- Found Threads: TRUE  
[1.185s] -- Found ament_lint_auto: 0.7.12 (/opt/ros/dashing/share/ament_lint_auto/cmake)
[1.237s] -- Added test 'copyright' to check for copyright in CMake / C / C++ / Python code
[1.240s] -- Added test 'cppcheck' to perform static code analysis on C / C++ code
[1.241s] -- Configured cppcheck include dirs: 
[1.244s] -- Added test 'cpplint' to check C / C++ code against the Google style
[1.246s] -- Added test 'lint_cmake' to check CMake code style
[1.250s] -- Added test 'uncrustify' to check C / C++ code style
[1.251s] -- Added test 'xmllint' to check XML markup files
[1.252s] -- Configuring done
[1.254s] -- Generating done
[1.256s] -- Build files have been written to: /home/yx/code/ros2study/2/src/ntf/build/ntf
[1.259s] Invoked command in '/home/yx/code/ros2study/2/src/ntf/build/ntf' returned '0': CMAKE_PREFIX_PATH=/opt/ros/dashing /usr/bin/cmake /home/yx/code/ros2study/2/src/ntf -DCMAKE_INSTALL_PREFIX=/home/yx/code/ros2study/2/src/ntf/install/ntf
[1.260s] Invoking command in '/home/yx/code/ros2study/2/src/ntf/build/ntf': CMAKE_PREFIX_PATH=/opt/ros/dashing /usr/bin/cmake --build /home/yx/code/ros2study/2/src/ntf/build/ntf -- -j12 -l12
[1.290s] [35m[1mScanning dependencies of target ntf_node[0m
[1.297s] [ 50%] [32mBuilding CXX object CMakeFiles/ntf_node.dir/src/ntf.cpp.o[0m
[1.302s] [01m[K/home/yx/code/ros2study/2/src/ntf/src/ntf.cpp:1:10:[m[K [01;31m[Kfatal error: [m[Krclcpp/rclcpp.hpp: No such file or directory
[1.303s]  #include [01;31m[K<rclcpp/rclcpp.hpp>[m[K
[1.303s]           [01;31m[K^~~~~~~~~~~~~~~~~~~[m[K
[1.303s] compilation terminated.
[1.303s] CMakeFiles/ntf_node.dir/build.make:62: recipe for target 'CMakeFiles/ntf_node.dir/src/ntf.cpp.o' failed
[1.303s] make[2]: *** [CMakeFiles/ntf_node.dir/src/ntf.cpp.o] Error 1
[1.304s] make[1]: *** [CMakeFiles/ntf_node.dir/all] Error 2
[1.304s] make: *** [all] Error 2
[1.304s] CMakeFiles/Makefile2:67: recipe for target 'CMakeFiles/ntf_node.dir/all' failed
[1.304s] Makefile:140: recipe for target 'all' failed
[1.306s] Invoked command in '/home/yx/code/ros2study/2/src/ntf/build/ntf' returned '2': CMAKE_PREFIX_PATH=/opt/ros/dashing /usr/bin/cmake --build /home/yx/code/ros2study/2/src/ntf/build/ntf -- -j12 -l12
